0 info it worked if it ends with ok
1 verbose cli [ 'd:\\00.env\\program\\nodejs\\node.exe',
1 verbose cli   'd:\\00.env\\program\\nodejs\\node_modules\\npm\\bin\\npm-cli.js',
1 verbose cli   'run',
1 verbose cli   'start' ]
2 info using npm@3.10.10
3 info using node@v6.11.0
4 verbose run-script [ 'prestart', 'start', 'poststart' ]
5 info lifecycle ex-webpack@1.0.0~prestart: ex-webpack@1.0.0
6 silly lifecycle ex-webpack@1.0.0~prestart: no script for prestart, continuing
7 info lifecycle ex-webpack@1.0.0~start: ex-webpack@1.0.0
8 verbose lifecycle ex-webpack@1.0.0~start: unsafe-perm in lifecycle true
9 verbose lifecycle ex-webpack@1.0.0~start: PATH: d:\00.env\program\nodejs\node_modules\npm\bin\node-gyp-bin;D:\01.source\ex-webpack\node_modules\.bin;C:\ProgramData\Oracle\Java\javapath;C:\Program Files (x86)\Intel\iCLS Client\;C:\Program Files\Intel\iCLS Client\;C:\Windows\system32;C:\Windows;C:\Windows\System32\Wbem;C:\Windows\System32\WindowsPowerShell\v1.0\;C:\Program Files (x86)\Intel\Intel(R) Management Engine Components\DAL;C:\Program Files\Intel\Intel(R) Management Engine Components\DAL;C:\Program Files (x86)\Intel\Intel(R) Management Engine Components\IPT;C:\Program Files\Intel\Intel(R) Management Engine Components\IPT;C:\Program Files (x86)\PuTTY\;D:\00.env\program\Vagrant\bin;D:\00.env\program\Git\cmd;D:\00.env\program\nodejs\;C:\Windows\Softcamp\SDS;C:\Windows\Softcamp\SDS\x64;C:\Windows\Softcamp\SDK;C:\Windows\Softcamp\SDK\x64;C:\Program Files\Bandizip\7z;C:\Users\Administrator\AppData\Roaming\npm
10 verbose lifecycle ex-webpack@1.0.0~start: CWD: D:\01.source\ex-webpack
11 silly lifecycle ex-webpack@1.0.0~start: Args: [ '/d /s /c', 'webpack-dev-server --inline' ]
12 verbose stack Error: kill ENOSYS
12 verbose stack     at exports._errnoException (util.js:1018:11)
12 verbose stack     at process.kill (internal/process.js:190:13)
12 verbose stack     at process.listener (d:\00.env\program\nodejs\node_modules\npm\node_modules\npmlog\node_modules\gauge\node_modules\signal-exit\index.js:86:15)
12 verbose stack     at emitNone (events.js:91:20)
12 verbose stack     at process.emit (events.js:185:7)
12 verbose stack     at processEmit (d:\00.env\program\nodejs\node_modules\npm\node_modules\npmlog\node_modules\gauge\node_modules\signal-exit\index.js:146:32)
12 verbose stack     at processEmit (d:\00.env\program\nodejs\node_modules\npm\node_modules\npm-registry-client\node_modules\npmlog\node_modules\gauge\node_modules\signal-exit\index.js:146:32)
12 verbose stack     at Signal.wrap.onsignal (internal/process.js:217:44)
13 verbose cwd D:\01.source\ex-webpack
14 error Windows_NT 6.1.7601
15 error argv "d:\\00.env\\program\\nodejs\\node.exe" "d:\\00.env\\program\\nodejs\\node_modules\\npm\\bin\\npm-cli.js" "run" "start"
16 error node v6.11.0
17 error npm  v3.10.10
18 error code ENOSYS
19 error errno ENOSYS
20 error syscall kill
21 error kill ENOSYS
22 error If you need help, you may report this error at:
22 error     <https://github.com/npm/npm/issues>
23 verbose exit [ 1, true ]
